  BasicTutorial1.cpp
D:\ogre\build\sdk\include\OGRE\OgreCommon.h(1,1): warning C4819: 该文件包含不能在当前代码页(936)中表示的字符。请将该文件保存为 Unicode 格式以防止数据丢失
D:\ogre\build\sdk\include\OGRE\OgreAxisAlignedBox.h(66,17): warning C4251: “Ogre::AxisAlignedBox::mMinimum”: class“Ogre::Vector<3,Ogre::Real>”需要有 dll 接口由 class“Ogre::AxisAlignedBox”的客户端使用
D:\ogre\build\sdk\include\OGRE\OgrePrerequisites.h(251,13): message : 参见“Ogre::Vector<3,Ogre::Real>”的声明
D:\ogre\build\sdk\include\OGRE\OgreAxisAlignedBox.h(67,17): warning C4251: “Ogre::AxisAlignedBox::mMaximum”: class“Ogre::Vector<3,Ogre::Real>”需要有 dll 接口由 class“Ogre::AxisAlignedBox”的客户端使用
D:\ogre\build\sdk\include\OGRE\OgrePrerequisites.h(251,13): message : 参见“Ogre::Vector<3,Ogre::Real>”的声明
D:\ogre\build\sdk\include\OGRE\OgrePlane.h(65,17): warning C4251: “Ogre::Plane::normal”: class“Ogre::Vector<3,Ogre::Real>”需要有 dll 接口由 class“Ogre::Plane”的客户端使用
D:\ogre\build\sdk\include\OGRE\OgrePrerequisites.h(251,13): message : 参见“Ogre::Vector<3,Ogre::Real>”的声明
D:\ogre\build\sdk\include\OGRE\OgreSphere.h(56,17): warning C4251: “Ogre::Sphere::mCenter”: class“Ogre::Vector<3,Ogre::Real>”需要有 dll 接口由 class“Ogre::Sphere”的客户端使用
D:\ogre\build\sdk\include\OGRE\OgrePrerequisites.h(251,13): message : 参见“Ogre::Vector<3,Ogre::Real>”的声明
D:\ogre\build\sdk\include\OGRE\OgreGpuProgramParams.h(659,1): warning C4819: 该文件包含不能在当前代码页(936)中表示的字符。请将该文件保存为 Unicode 格式以防止数据丢失
D:\ogre\build\sdk\include\OGRE\OgreBone.h(140,17): warning C4251: “Ogre::Bone::mBindDerivedInverseScale”: class“Ogre::Vector<3,Ogre::Real>”需要有 dll 接口由 class“Ogre::Bone”的客户端使用
D:\ogre\build\sdk\include\OGRE\OgrePrerequisites.h(251,13): message : 参见“Ogre::Vector<3,Ogre::Real>”的声明
D:\ogre\build\sdk\include\OGRE\OgreBone.h(144,17): warning C4251: “Ogre::Bone::mBindDerivedInversePosition”: class“Ogre::Vector<3,Ogre::Real>”需要有 dll 接口由 class“Ogre::Bone”的客户端使用
D:\ogre\build\sdk\include\OGRE\OgrePrerequisites.h(251,13): message : 参见“Ogre::Vector<3,Ogre::Real>”的声明
D:\ogre\build\sdk\include\OGRE\OgreDefaultHardwareBufferManager.h(86,52): warning C4251: “Ogre::DefaultHardwareBufferManager::mImpl”: class“std::unique_ptr<Ogre::HardwareBufferManagerBase,std::default_delete<Ogre::HardwareBufferManagerBase>>”需要有 dll 接口由 class“Ogre::DefaultHardwareBufferManager”的客户端使用
D:\ogre\build\sdk\include\OGRE\OgreDefaultHardwareBufferManager.h(86,14): message : 参见“std::unique_ptr<Ogre::HardwareBufferManagerBase,std::default_delete<Ogre::HardwareBufferManagerBase>>”的声明
D:\ogre\build\sdk\include\OGRE\OgrePass.h(631,1): warning C4819: 该文件包含不能在当前代码页(936)中表示的字符。请将该文件保存为 Unicode 格式以防止数据丢失
D:\ogre\build\sdk\include\OGRE\OgreWorkQueue.h(194,91): warning C4244: “参数”: 从“Ogre::uint64”转换到“unsigned long”，可能丢失数据
D:\ogre\build\sdk\include\OGRE\OgreRay.h(48,17): warning C4251: “Ogre::Ray::mOrigin”: class“Ogre::Vector<3,Ogre::Real>”需要有 dll 接口由 class“Ogre::Ray”的客户端使用
D:\ogre\build\sdk\include\OGRE\OgrePrerequisites.h(251,13): message : 参见“Ogre::Vector<3,Ogre::Real>”的声明
D:\ogre\build\sdk\include\OGRE\OgreRay.h(49,17): warning C4251: “Ogre::Ray::mDirection”: class“Ogre::Vector<3,Ogre::Real>”需要有 dll 接口由 class“Ogre::Ray”的客户端使用
D:\ogre\build\sdk\include\OGRE\OgrePrerequisites.h(251,13): message : 参见“Ogre::Vector<3,Ogre::Real>”的声明
D:\ogre\build\sdk\include\OGRE\OgreAutoParamDataSource.h(74,25): warning C4251: “Ogre::AutoParamDataSource::mCameraPosition”: class“Ogre::Vector<4,Ogre::Real>”需要有 dll 接口由 class“Ogre::AutoParamDataSource”的客户端使用
D:\ogre\build\sdk\include\OGRE\OgrePrerequisites.h(254,13): message : 参见“Ogre::Vector<4,Ogre::Real>”的声明
D:\ogre\build\sdk\include\OGRE\OgreAutoParamDataSource.h(75,25): warning C4251: “Ogre::AutoParamDataSource::mCameraPositionObjectSpace”: class“Ogre::Vector<4,Ogre::Real>”需要有 dll 接口由 class“Ogre::AutoParamDataSource”的客户端使用
D:\ogre\build\sdk\include\OGRE\OgrePrerequisites.h(254,13): message : 参见“Ogre::Vector<4,Ogre::Real>”的声明
D:\ogre\build\sdk\include\OGRE\OgreAutoParamDataSource.h(80,25): warning C4251: “Ogre::AutoParamDataSource::mShadowCamDepthRanges”: class“Ogre::Vector<4,Ogre::Real>”需要有 dll 接口由 class“Ogre::AutoParamDataSource”的客户端使用
D:\ogre\build\sdk\include\OGRE\OgrePrerequisites.h(254,13): message : 参见“Ogre::Vector<4,Ogre::Real>”的声明
D:\ogre\build\sdk\include\OGRE\OgreAutoParamDataSource.h(85,25): warning C4251: “Ogre::AutoParamDataSource::mLodCameraPosition”: class“Ogre::Vector<4,Ogre::Real>”需要有 dll 接口由 class“Ogre::AutoParamDataSource”的客户端使用
D:\ogre\build\sdk\include\OGRE\OgrePrerequisites.h(254,13): message : 参见“Ogre::Vector<4,Ogre::Real>”的声明
D:\ogre\build\sdk\include\OGRE\OgreAutoParamDataSource.h(86,25): warning C4251: “Ogre::AutoParamDataSource::mLodCameraPositionObjectSpace”: class“Ogre::Vector<4,Ogre::Real>”需要有 dll 接口由 class“Ogre::AutoParamDataSource”的客户端使用
D:\ogre\build\sdk\include\OGRE\OgrePrerequisites.h(254,13): message : 参见“Ogre::Vector<4,Ogre::Real>”的声明
D:\ogre\build\sdk\include\OGRE\OgreAutoParamDataSource.h(108,18): warning C4251: “Ogre::AutoParamDataSource::mFogParams”: class“Ogre::Vector<4,Ogre::Real>”需要有 dll 接口由 class“Ogre::AutoParamDataSource”的客户端使用
D:\ogre\build\sdk\include\OGRE\OgrePrerequisites.h(254,13): message : 参见“Ogre::Vector<4,Ogre::Real>”的声明
D:\ogre\build\sdk\include\OGRE\OgreAutoParamDataSource.h(109,18): warning C4251: “Ogre::AutoParamDataSource::mPointParams”: class“Ogre::Vector<4,Ogre::Real>”需要有 dll 接口由 class“Ogre::AutoParamDataSource”的客户端使用
D:\ogre\build\sdk\include\OGRE\OgrePrerequisites.h(254,13): message : 参见“Ogre::Vector<4,Ogre::Real>”的声明
D:\ogre\build\sdk\include\OGRE\OgreAutoParamDataSource.h(111,25): warning C4251: “Ogre::AutoParamDataSource::mSceneDepthRange”: class“Ogre::Vector<4,Ogre::Real>”需要有 dll 接口由 class“Ogre::AutoParamDataSource”的客户端使用
D:\ogre\build\sdk\include\OGRE\OgrePrerequisites.h(254,13): message : 参见“Ogre::Vector<4,Ogre::Real>”的声明
D:\ogre\build\sdk\include\OGRE\OgreAutoParamDataSource.h(119,17): warning C4251: “Ogre::AutoParamDataSource::mCameraRelativePosition”: class“Ogre::Vector<3,Ogre::Real>”需要有 dll 接口由 class“Ogre::AutoParamDataSource”的客户端使用
D:\ogre\build\sdk\include\OGRE\OgrePrerequisites.h(251,13): message : 参见“Ogre::Vector<3,Ogre::Real>”的声明
D:\ogre\build\sdk\include\OGRE\OgreSceneManager.h(2250,36): error C4996: 'Ogre::AnimationStateSet::getAnimationStateIterator': 被声明为已否决
D:\ogre\build\sdk\include\OGRE\OgreTextureManager.h(421,20): warning C4251: “Ogre::TextureManager::mWarningTexture”: class“Ogre::SharedPtr<Ogre::Texture>”需要有 dll 接口由 class“Ogre::TextureManager”的客户端使用
D:\ogre\build\sdk\include\OGRE\OgrePrerequisites.h(298,13): message : 参见“Ogre::SharedPtr<Ogre::Texture>”的声明
D:\ogre\build\sdk\include\OGRE\OgreTextureManager.h(422,20): warning C4251: “Ogre::TextureManager::mDefaultSampler”: class“std::shared_ptr<Ogre::Sampler>”需要有 dll 接口由 class“Ogre::TextureManager”的客户端使用
D:\ogre\build\sdk\include\OGRE\OgreTextureUnitState.h(225,18): message : 参见“std::shared_ptr<Ogre::Sampler>”的声明
D:\ogre\build\sdk\include\OGRE\OgreTextureManager.h(423,38): warning C4251: “Ogre::TextureManager::mNamedSamplers”: class“std::map<Ogre::String,Ogre::SamplerPtr,std::less<Ogre::String>,std::allocator<std::pair<const Ogre::String,Ogre::SamplerPtr>>>”需要有 dll 接口由 class“Ogre::TextureManager”的客户端使用
D:\ogre\build\sdk\include\OGRE\OgreTextureManager.h(423,14): message : 参见“std::map<Ogre::String,Ogre::SamplerPtr,std::less<Ogre::String>,std::allocator<std::pair<const Ogre::String,Ogre::SamplerPtr>>>”的声明
D:\ogre\build\sdk\include\OGRE\OgreTimer.h(41,47): warning C4251: “Ogre::Timer::start”: class“std::chrono::time_point<std::chrono::steady_clock,std::chrono::nanoseconds>”需要有 dll 接口由 class“Ogre::Timer”的客户端使用
C:\Program Files\Microsoft Visual Studio\2022\Community\VC\Tools\MSVC\14.36.32532\include\__msvc_chrono.hpp(666,51): message : 参见“std::chrono::time_point<std::chrono::steady_clock,std::chrono::nanoseconds>”的声明
C:\Users\zhaoys-c\Documents\LearnOpenGL\Assimp\ogre_01\BasicTutorial1.cpp(32,10): fatal  error C1083: 无法打开包括文件: “OgreApplicationContext.h”: No such file or directory
  BasicTutorial2.cpp
D:\ogre\build\sdk\include\OGRE\OgreCommon.h(1,1): warning C4819: 该文件包含不能在当前代码页(936)中表示的字符。请将该文件保存为 Unicode 格式以防止数据丢失
D:\ogre\build\sdk\include\OGRE\OgreAxisAlignedBox.h(66,17): warning C4251: “Ogre::AxisAlignedBox::mMinimum”: class“Ogre::Vector<3,Ogre::Real>”需要有 dll 接口由 class“Ogre::AxisAlignedBox”的客户端使用
D:\ogre\build\sdk\include\OGRE\OgrePrerequisites.h(251,13): message : 参见“Ogre::Vector<3,Ogre::Real>”的声明
D:\ogre\build\sdk\include\OGRE\OgreAxisAlignedBox.h(67,17): warning C4251: “Ogre::AxisAlignedBox::mMaximum”: class“Ogre::Vector<3,Ogre::Real>”需要有 dll 接口由 class“Ogre::AxisAlignedBox”的客户端使用
D:\ogre\build\sdk\include\OGRE\OgrePrerequisites.h(251,13): message : 参见“Ogre::Vector<3,Ogre::Real>”的声明
D:\ogre\build\sdk\include\OGRE\OgrePlane.h(65,17): warning C4251: “Ogre::Plane::normal”: class“Ogre::Vector<3,Ogre::Real>”需要有 dll 接口由 class“Ogre::Plane”的客户端使用
D:\ogre\build\sdk\include\OGRE\OgrePrerequisites.h(251,13): message : 参见“Ogre::Vector<3,Ogre::Real>”的声明
D:\ogre\build\sdk\include\OGRE\OgreSphere.h(56,17): warning C4251: “Ogre::Sphere::mCenter”: class“Ogre::Vector<3,Ogre::Real>”需要有 dll 接口由 class“Ogre::Sphere”的客户端使用
D:\ogre\build\sdk\include\OGRE\OgrePrerequisites.h(251,13): message : 参见“Ogre::Vector<3,Ogre::Real>”的声明
D:\ogre\build\sdk\include\OGRE\OgreGpuProgramParams.h(659,1): warning C4819: 该文件包含不能在当前代码页(936)中表示的字符。请将该文件保存为 Unicode 格式以防止数据丢失
D:\ogre\build\sdk\include\OGRE\OgreBone.h(140,17): warning C4251: “Ogre::Bone::mBindDerivedInverseScale”: class“Ogre::Vector<3,Ogre::Real>”需要有 dll 接口由 class“Ogre::Bone”的客户端使用
D:\ogre\build\sdk\include\OGRE\OgrePrerequisites.h(251,13): message : 参见“Ogre::Vector<3,Ogre::Real>”的声明
D:\ogre\build\sdk\include\OGRE\OgreBone.h(144,17): warning C4251: “Ogre::Bone::mBindDerivedInversePosition”: class“Ogre::Vector<3,Ogre::Real>”需要有 dll 接口由 class“Ogre::Bone”的客户端使用
D:\ogre\build\sdk\include\OGRE\OgrePrerequisites.h(251,13): message : 参见“Ogre::Vector<3,Ogre::Real>”的声明
D:\ogre\build\sdk\include\OGRE\OgreDefaultHardwareBufferManager.h(86,52): warning C4251: “Ogre::DefaultHardwareBufferManager::mImpl”: class“std::unique_ptr<Ogre::HardwareBufferManagerBase,std::default_delete<Ogre::HardwareBufferManagerBase>>”需要有 dll 接口由 class“Ogre::DefaultHardwareBufferManager”的客户端使用
D:\ogre\build\sdk\include\OGRE\OgreDefaultHardwareBufferManager.h(86,14): message : 参见“std::unique_ptr<Ogre::HardwareBufferManagerBase,std::default_delete<Ogre::HardwareBufferManagerBase>>”的声明
D:\ogre\build\sdk\include\OGRE\OgrePass.h(631,1): warning C4819: 该文件包含不能在当前代码页(936)中表示的字符。请将该文件保存为 Unicode 格式以防止数据丢失
D:\ogre\build\sdk\include\OGRE\OgreWorkQueue.h(194,91): warning C4244: “参数”: 从“Ogre::uint64”转换到“unsigned long”，可能丢失数据
D:\ogre\build\sdk\include\OGRE\OgreRay.h(48,17): warning C4251: “Ogre::Ray::mOrigin”: class“Ogre::Vector<3,Ogre::Real>”需要有 dll 接口由 class“Ogre::Ray”的客户端使用
D:\ogre\build\sdk\include\OGRE\OgrePrerequisites.h(251,13): message : 参见“Ogre::Vector<3,Ogre::Real>”的声明
D:\ogre\build\sdk\include\OGRE\OgreRay.h(49,17): warning C4251: “Ogre::Ray::mDirection”: class“Ogre::Vector<3,Ogre::Real>”需要有 dll 接口由 class“Ogre::Ray”的客户端使用
D:\ogre\build\sdk\include\OGRE\OgrePrerequisites.h(251,13): message : 参见“Ogre::Vector<3,Ogre::Real>”的声明
D:\ogre\build\sdk\include\OGRE\OgreAutoParamDataSource.h(74,25): warning C4251: “Ogre::AutoParamDataSource::mCameraPosition”: class“Ogre::Vector<4,Ogre::Real>”需要有 dll 接口由 class“Ogre::AutoParamDataSource”的客户端使用
D:\ogre\build\sdk\include\OGRE\OgrePrerequisites.h(254,13): message : 参见“Ogre::Vector<4,Ogre::Real>”的声明
D:\ogre\build\sdk\include\OGRE\OgreAutoParamDataSource.h(75,25): warning C4251: “Ogre::AutoParamDataSource::mCameraPositionObjectSpace”: class“Ogre::Vector<4,Ogre::Real>”需要有 dll 接口由 class“Ogre::AutoParamDataSource”的客户端使用
D:\ogre\build\sdk\include\OGRE\OgrePrerequisites.h(254,13): message : 参见“Ogre::Vector<4,Ogre::Real>”的声明
D:\ogre\build\sdk\include\OGRE\OgreAutoParamDataSource.h(80,25): warning C4251: “Ogre::AutoParamDataSource::mShadowCamDepthRanges”: class“Ogre::Vector<4,Ogre::Real>”需要有 dll 接口由 class“Ogre::AutoParamDataSource”的客户端使用
D:\ogre\build\sdk\include\OGRE\OgrePrerequisites.h(254,13): message : 参见“Ogre::Vector<4,Ogre::Real>”的声明
D:\ogre\build\sdk\include\OGRE\OgreAutoParamDataSource.h(85,25): warning C4251: “Ogre::AutoParamDataSource::mLodCameraPosition”: class“Ogre::Vector<4,Ogre::Real>”需要有 dll 接口由 class“Ogre::AutoParamDataSource”的客户端使用
D:\ogre\build\sdk\include\OGRE\OgrePrerequisites.h(254,13): message : 参见“Ogre::Vector<4,Ogre::Real>”的声明
D:\ogre\build\sdk\include\OGRE\OgreAutoParamDataSource.h(86,25): warning C4251: “Ogre::AutoParamDataSource::mLodCameraPositionObjectSpace”: class“Ogre::Vector<4,Ogre::Real>”需要有 dll 接口由 class“Ogre::AutoParamDataSource”的客户端使用
D:\ogre\build\sdk\include\OGRE\OgrePrerequisites.h(254,13): message : 参见“Ogre::Vector<4,Ogre::Real>”的声明
D:\ogre\build\sdk\include\OGRE\OgreAutoParamDataSource.h(108,18): warning C4251: “Ogre::AutoParamDataSource::mFogParams”: class“Ogre::Vector<4,Ogre::Real>”需要有 dll 接口由 class“Ogre::AutoParamDataSource”的客户端使用
D:\ogre\build\sdk\include\OGRE\OgrePrerequisites.h(254,13): message : 参见“Ogre::Vector<4,Ogre::Real>”的声明
D:\ogre\build\sdk\include\OGRE\OgreAutoParamDataSource.h(109,18): warning C4251: “Ogre::AutoParamDataSource::mPointParams”: class“Ogre::Vector<4,Ogre::Real>”需要有 dll 接口由 class“Ogre::AutoParamDataSource”的客户端使用
D:\ogre\build\sdk\include\OGRE\OgrePrerequisites.h(254,13): message : 参见“Ogre::Vector<4,Ogre::Real>”的声明
D:\ogre\build\sdk\include\OGRE\OgreAutoParamDataSource.h(111,25): warning C4251: “Ogre::AutoParamDataSource::mSceneDepthRange”: class“Ogre::Vector<4,Ogre::Real>”需要有 dll 接口由 class“Ogre::AutoParamDataSource”的客户端使用
D:\ogre\build\sdk\include\OGRE\OgrePrerequisites.h(254,13): message : 参见“Ogre::Vector<4,Ogre::Real>”的声明
D:\ogre\build\sdk\include\OGRE\OgreAutoParamDataSource.h(119,17): warning C4251: “Ogre::AutoParamDataSource::mCameraRelativePosition”: class“Ogre::Vector<3,Ogre::Real>”需要有 dll 接口由 class“Ogre::AutoParamDataSource”的客户端使用
D:\ogre\build\sdk\include\OGRE\OgrePrerequisites.h(251,13): message : 参见“Ogre::Vector<3,Ogre::Real>”的声明
D:\ogre\build\sdk\include\OGRE\OgreSceneManager.h(2250,36): error C4996: 'Ogre::AnimationStateSet::getAnimationStateIterator': 被声明为已否决
D:\ogre\build\sdk\include\OGRE\OgreTextureManager.h(421,20): warning C4251: “Ogre::TextureManager::mWarningTexture”: class“Ogre::SharedPtr<Ogre::Texture>”需要有 dll 接口由 class“Ogre::TextureManager”的客户端使用
D:\ogre\build\sdk\include\OGRE\OgrePrerequisites.h(298,13): message : 参见“Ogre::SharedPtr<Ogre::Texture>”的声明
D:\ogre\build\sdk\include\OGRE\OgreTextureManager.h(422,20): warning C4251: “Ogre::TextureManager::mDefaultSampler”: class“std::shared_ptr<Ogre::Sampler>”需要有 dll 接口由 class“Ogre::TextureManager”的客户端使用
D:\ogre\build\sdk\include\OGRE\OgreTextureUnitState.h(225,18): message : 参见“std::shared_ptr<Ogre::Sampler>”的声明
D:\ogre\build\sdk\include\OGRE\OgreTextureManager.h(423,38): warning C4251: “Ogre::TextureManager::mNamedSamplers”: class“std::map<Ogre::String,Ogre::SamplerPtr,std::less<Ogre::String>,std::allocator<std::pair<const Ogre::String,Ogre::SamplerPtr>>>”需要有 dll 接口由 class“Ogre::TextureManager”的客户端使用
D:\ogre\build\sdk\include\OGRE\OgreTextureManager.h(423,14): message : 参见“std::map<Ogre::String,Ogre::SamplerPtr,std::less<Ogre::String>,std::allocator<std::pair<const Ogre::String,Ogre::SamplerPtr>>>”的声明
D:\ogre\build\sdk\include\OGRE\OgreTimer.h(41,47): warning C4251: “Ogre::Timer::start”: class“std::chrono::time_point<std::chrono::steady_clock,std::chrono::nanoseconds>”需要有 dll 接口由 class“Ogre::Timer”的客户端使用
C:\Program Files\Microsoft Visual Studio\2022\Community\VC\Tools\MSVC\14.36.32532\include\__msvc_chrono.hpp(666,51): message : 参见“std::chrono::time_point<std::chrono::steady_clock,std::chrono::nanoseconds>”的声明
C:\Users\zhaoys-c\Documents\LearnOpenGL\Assimp\ogre_01\BasicTutorial2.cpp(35,10): fatal  error C1083: 无法打开包括文件: “OgreApplicationContext.h”: No such file or directory
  Bootstrap.cpp
D:\ogre\build\sdk\include\OGRE\OgreCommon.h(1,1): warning C4819: 该文件包含不能在当前代码页(936)中表示的字符。请将该文件保存为 Unicode 格式以防止数据丢失
D:\ogre\build\sdk\include\OGRE\OgreAxisAlignedBox.h(66,17): warning C4251: “Ogre::AxisAlignedBox::mMinimum”: class“Ogre::Vector<3,Ogre::Real>”需要有 dll 接口由 class“Ogre::AxisAlignedBox”的客户端使用
D:\ogre\build\sdk\include\OGRE\OgrePrerequisites.h(251,13): message : 参见“Ogre::Vector<3,Ogre::Real>”的声明
D:\ogre\build\sdk\include\OGRE\OgreAxisAlignedBox.h(67,17): warning C4251: “Ogre::AxisAlignedBox::mMaximum”: class“Ogre::Vector<3,Ogre::Real>”需要有 dll 接口由 class“Ogre::AxisAlignedBox”的客户端使用
D:\ogre\build\sdk\include\OGRE\OgrePrerequisites.h(251,13): message : 参见“Ogre::Vector<3,Ogre::Real>”的声明
D:\ogre\build\sdk\include\OGRE\OgrePlane.h(65,17): warning C4251: “Ogre::Plane::normal”: class“Ogre::Vector<3,Ogre::Real>”需要有 dll 接口由 class“Ogre::Plane”的客户端使用
D:\ogre\build\sdk\include\OGRE\OgrePrerequisites.h(251,13): message : 参见“Ogre::Vector<3,Ogre::Real>”的声明
D:\ogre\build\sdk\include\OGRE\OgreSphere.h(56,17): warning C4251: “Ogre::Sphere::mCenter”: class“Ogre::Vector<3,Ogre::Real>”需要有 dll 接口由 class“Ogre::Sphere”的客户端使用
D:\ogre\build\sdk\include\OGRE\OgrePrerequisites.h(251,13): message : 参见“Ogre::Vector<3,Ogre::Real>”的声明
D:\ogre\build\sdk\include\OGRE\OgreGpuProgramParams.h(659,1): warning C4819: 该文件包含不能在当前代码页(936)中表示的字符。请将该文件保存为 Unicode 格式以防止数据丢失
D:\ogre\build\sdk\include\OGRE\OgreBone.h(140,17): warning C4251: “Ogre::Bone::mBindDerivedInverseScale”: class“Ogre::Vector<3,Ogre::Real>”需要有 dll 接口由 class“Ogre::Bone”的客户端使用
D:\ogre\build\sdk\include\OGRE\OgrePrerequisites.h(251,13): message : 参见“Ogre::Vector<3,Ogre::Real>”的声明
D:\ogre\build\sdk\include\OGRE\OgreBone.h(144,17): warning C4251: “Ogre::Bone::mBindDerivedInversePosition”: class“Ogre::Vector<3,Ogre::Real>”需要有 dll 接口由 class“Ogre::Bone”的客户端使用
D:\ogre\build\sdk\include\OGRE\OgrePrerequisites.h(251,13): message : 参见“Ogre::Vector<3,Ogre::Real>”的声明
D:\ogre\build\sdk\include\OGRE\OgreDefaultHardwareBufferManager.h(86,52): warning C4251: “Ogre::DefaultHardwareBufferManager::mImpl”: class“std::unique_ptr<Ogre::HardwareBufferManagerBase,std::default_delete<Ogre::HardwareBufferManagerBase>>”需要有 dll 接口由 class“Ogre::DefaultHardwareBufferManager”的客户端使用
D:\ogre\build\sdk\include\OGRE\OgreDefaultHardwareBufferManager.h(86,14): message : 参见“std::unique_ptr<Ogre::HardwareBufferManagerBase,std::default_delete<Ogre::HardwareBufferManagerBase>>”的声明
D:\ogre\build\sdk\include\OGRE\OgrePass.h(631,1): warning C4819: 该文件包含不能在当前代码页(936)中表示的字符。请将该文件保存为 Unicode 格式以防止数据丢失
D:\ogre\build\sdk\include\OGRE\OgreWorkQueue.h(194,91): warning C4244: “参数”: 从“Ogre::uint64”转换到“unsigned long”，可能丢失数据
D:\ogre\build\sdk\include\OGRE\OgreRay.h(48,17): warning C4251: “Ogre::Ray::mOrigin”: class“Ogre::Vector<3,Ogre::Real>”需要有 dll 接口由 class“Ogre::Ray”的客户端使用
D:\ogre\build\sdk\include\OGRE\OgrePrerequisites.h(251,13): message : 参见“Ogre::Vector<3,Ogre::Real>”的声明
D:\ogre\build\sdk\include\OGRE\OgreRay.h(49,17): warning C4251: “Ogre::Ray::mDirection”: class“Ogre::Vector<3,Ogre::Real>”需要有 dll 接口由 class“Ogre::Ray”的客户端使用
D:\ogre\build\sdk\include\OGRE\OgrePrerequisites.h(251,13): message : 参见“Ogre::Vector<3,Ogre::Real>”的声明
D:\ogre\build\sdk\include\OGRE\OgreAutoParamDataSource.h(74,25): warning C4251: “Ogre::AutoParamDataSource::mCameraPosition”: class“Ogre::Vector<4,Ogre::Real>”需要有 dll 接口由 class“Ogre::AutoParamDataSource”的客户端使用
D:\ogre\build\sdk\include\OGRE\OgrePrerequisites.h(254,13): message : 参见“Ogre::Vector<4,Ogre::Real>”的声明
D:\ogre\build\sdk\include\OGRE\OgreAutoParamDataSource.h(75,25): warning C4251: “Ogre::AutoParamDataSource::mCameraPositionObjectSpace”: class“Ogre::Vector<4,Ogre::Real>”需要有 dll 接口由 class“Ogre::AutoParamDataSource”的客户端使用
D:\ogre\build\sdk\include\OGRE\OgrePrerequisites.h(254,13): message : 参见“Ogre::Vector<4,Ogre::Real>”的声明
D:\ogre\build\sdk\include\OGRE\OgreAutoParamDataSource.h(80,25): warning C4251: “Ogre::AutoParamDataSource::mShadowCamDepthRanges”: class“Ogre::Vector<4,Ogre::Real>”需要有 dll 接口由 class“Ogre::AutoParamDataSource”的客户端使用
D:\ogre\build\sdk\include\OGRE\OgrePrerequisites.h(254,13): message : 参见“Ogre::Vector<4,Ogre::Real>”的声明
D:\ogre\build\sdk\include\OGRE\OgreAutoParamDataSource.h(85,25): warning C4251: “Ogre::AutoParamDataSource::mLodCameraPosition”: class“Ogre::Vector<4,Ogre::Real>”需要有 dll 接口由 class“Ogre::AutoParamDataSource”的客户端使用
D:\ogre\build\sdk\include\OGRE\OgrePrerequisites.h(254,13): message : 参见“Ogre::Vector<4,Ogre::Real>”的声明
D:\ogre\build\sdk\include\OGRE\OgreAutoParamDataSource.h(86,25): warning C4251: “Ogre::AutoParamDataSource::mLodCameraPositionObjectSpace”: class“Ogre::Vector<4,Ogre::Real>”需要有 dll 接口由 class“Ogre::AutoParamDataSource”的客户端使用
D:\ogre\build\sdk\include\OGRE\OgrePrerequisites.h(254,13): message : 参见“Ogre::Vector<4,Ogre::Real>”的声明
D:\ogre\build\sdk\include\OGRE\OgreAutoParamDataSource.h(108,18): warning C4251: “Ogre::AutoParamDataSource::mFogParams”: class“Ogre::Vector<4,Ogre::Real>”需要有 dll 接口由 class“Ogre::AutoParamDataSource”的客户端使用
D:\ogre\build\sdk\include\OGRE\OgrePrerequisites.h(254,13): message : 参见“Ogre::Vector<4,Ogre::Real>”的声明
D:\ogre\build\sdk\include\OGRE\OgreAutoParamDataSource.h(109,18): warning C4251: “Ogre::AutoParamDataSource::mPointParams”: class“Ogre::Vector<4,Ogre::Real>”需要有 dll 接口由 class“Ogre::AutoParamDataSource”的客户端使用
D:\ogre\build\sdk\include\OGRE\OgrePrerequisites.h(254,13): message : 参见“Ogre::Vector<4,Ogre::Real>”的声明
D:\ogre\build\sdk\include\OGRE\OgreAutoParamDataSource.h(111,25): warning C4251: “Ogre::AutoParamDataSource::mSceneDepthRange”: class“Ogre::Vector<4,Ogre::Real>”需要有 dll 接口由 class“Ogre::AutoParamDataSource”的客户端使用
D:\ogre\build\sdk\include\OGRE\OgrePrerequisites.h(254,13): message : 参见“Ogre::Vector<4,Ogre::Real>”的声明
D:\ogre\build\sdk\include\OGRE\OgreAutoParamDataSource.h(119,17): warning C4251: “Ogre::AutoParamDataSource::mCameraRelativePosition”: class“Ogre::Vector<3,Ogre::Real>”需要有 dll 接口由 class“Ogre::AutoParamDataSource”的客户端使用
D:\ogre\build\sdk\include\OGRE\OgrePrerequisites.h(251,13): message : 参见“Ogre::Vector<3,Ogre::Real>”的声明
D:\ogre\build\sdk\include\OGRE\OgreSceneManager.h(2250,36): error C4996: 'Ogre::AnimationStateSet::getAnimationStateIterator': 被声明为已否决
D:\ogre\build\sdk\include\OGRE\OgreTextureManager.h(421,20): warning C4251: “Ogre::TextureManager::mWarningTexture”: class“Ogre::SharedPtr<Ogre::Texture>”需要有 dll 接口由 class“Ogre::TextureManager”的客户端使用
D:\ogre\build\sdk\include\OGRE\OgrePrerequisites.h(298,13): message : 参见“Ogre::SharedPtr<Ogre::Texture>”的声明
D:\ogre\build\sdk\include\OGRE\OgreTextureManager.h(422,20): warning C4251: “Ogre::TextureManager::mDefaultSampler”: class“std::shared_ptr<Ogre::Sampler>”需要有 dll 接口由 class“Ogre::TextureManager”的客户端使用
D:\ogre\build\sdk\include\OGRE\OgreTextureUnitState.h(225,18): message : 参见“std::shared_ptr<Ogre::Sampler>”的声明
D:\ogre\build\sdk\include\OGRE\OgreTextureManager.h(423,38): warning C4251: “Ogre::TextureManager::mNamedSamplers”: class“std::map<Ogre::String,Ogre::SamplerPtr,std::less<Ogre::String>,std::allocator<std::pair<const Ogre::String,Ogre::SamplerPtr>>>”需要有 dll 接口由 class“Ogre::TextureManager”的客户端使用
D:\ogre\build\sdk\include\OGRE\OgreTextureManager.h(423,14): message : 参见“std::map<Ogre::String,Ogre::SamplerPtr,std::less<Ogre::String>,std::allocator<std::pair<const Ogre::String,Ogre::SamplerPtr>>>”的声明
D:\ogre\build\sdk\include\OGRE\OgreTimer.h(41,47): warning C4251: “Ogre::Timer::start”: class“std::chrono::time_point<std::chrono::steady_clock,std::chrono::nanoseconds>”需要有 dll 接口由 class“Ogre::Timer”的客户端使用
C:\Program Files\Microsoft Visual Studio\2022\Community\VC\Tools\MSVC\14.36.32532\include\__msvc_chrono.hpp(666,51): message : 参见“std::chrono::time_point<std::chrono::steady_clock,std::chrono::nanoseconds>”的声明
D:\ogre\build\sdk\include\OGRE\Bites\OgreStaticPluginLoader.h(27,36): warning C4251: “OgreBites::StaticPluginLoader::mPlugins”: class“std::vector<Ogre::Plugin *,std::allocator<Ogre::Plugin *>>”需要有 dll 接口由 class“OgreBites::StaticPluginLoader”的客户端使用
D:\ogre\build\sdk\include\OGRE\OgreRoot.h(79,22): message : 参见“std::vector<Ogre::Plugin *,std::allocator<Ogre::Plugin *>>”的声明
D:\ogre\build\sdk\include\OGRE\Bites\OgreSGTechniqueResolverListener.h(32,10): fatal  error C1083: 无法打开包括文件: “OgreRTShaderSystem.h”: No such file or directory
  正在生成代码...
